c:\users\jibra\documents\theforage\vaxmancpp\vaxmancpp\debug\vc142.pdb
c:\users\jibra\documents\theforage\vaxmancpp\vaxmancpp\debug\vc142.idb
c:\users\jibra\documents\theforage\vaxmancpp\vaxmancpp\debug\main.obj
c:\users\jibra\documents\theforage\vaxmancppworking\vaxmancpp\debug\vc142.pdb
c:\users\jibra\documents\theforage\vaxmancppworking\vaxmancpp\debug\vc142.idb
c:\users\jibra\documents\theforage\vaxmancppworking\vaxmancpp\debug\main.obj
c:\users\jibra\documents\theforage\vaxmancpp\vaxmancpp\debug\vaxmancpp.ilk
c:\users\jibra\documents\theforage\vaxmancpp\debug\vaxmancpp.exe
c:\users\jibra\documents\theforage\vaxmancpp\debug\vaxmancpp.pdb
c:\users\jibra\documents\theforage\vaxmancppworking\debug\vaxmancpp.exe
c:\users\jibra\documents\theforage\vaxmancppworking\vaxmancpp\debug\vaxmancpp.ilk
c:\users\jibra\documents\theforage\vaxmancppworking\debug\vaxmancpp.pdb
c:\users\jibra\documents\theforage\cppvaxman\debug\vaxmancpp.exe
c:\users\jibra\documents\theforage\cppvaxman\vaxmancpp\debug\vaxmancpp.ilk
c:\users\jibra\documents\theforage\cppvaxman\debug\vaxmancpp.pdb
c:\users\jibra\documents\theforage\cppvaxman\vaxmancpp\debug\main.obj.enc
c:\users\jibra\documents\theforage\cppvaxman\vaxmancpp\debug\vc142.idb
c:\users\jibra\documents\theforage\cppvaxman\vaxmancpp\debug\vc142.pdb
c:\users\jibra\documents\theforage\cppvaxman\vaxmancpp\debug\vaxmancpp.tlog\cl.command.1.tlog
c:\users\jibra\documents\theforage\cppvaxman\vaxmancpp\debug\vaxmancpp.tlog\cl.read.1.tlog
c:\users\jibra\documents\theforage\cppvaxman\vaxmancpp\debug\vaxmancpp.tlog\cl.write.1.tlog
c:\users\jibra\documents\theforage\cppvaxman\vaxmancpp\debug\vaxmancpp.tlog\link.command.1.tlog
c:\users\jibra\documents\theforage\cppvaxman\vaxmancpp\debug\vaxmancpp.tlog\link.read.1.tlog
c:\users\jibra\documents\theforage\cppvaxman\vaxmancpp\debug\vaxmancpp.tlog\link.write.1.tlog
